<?xml version="1.0" encoding="UTF-8"?>
<!-- Generated by org.testng.reporters.JUnitXMLReporter -->
<testsuite ignored="3" hostname="DESKTOP-UQLDTGQ" failures="0" tests="3" name="OrangeMyinfo" time="17.512" errors="0" timestamp="2025-11-07T19:08:00 IST">
  <testcase classname="com.test.OrangeHRM" name="login" time="5.24"/>
  <testcase classname="com.test.OrangeHRM" name="loginCred" time="5.675"/>
  <testcase classname="com.test.OrangeHRM" name="navigatetoMyInfo" time="5.215"/>
  <testcase classname="com.test.OrangeHRM" name="tearDown" time="0.0">
    <ignored/>
  </testcase> <!-- tearDown -->
  <testcase classname="com.test.OrangeHRM" name="verifyLogin" time="0.0">
    <ignored/>
  </testcase> <!-- verifyLogin -->
  <testcase classname="com.test.OrangeHRM" name="initializeBrowser" time="0.0">
    <ignored/>
  </testcase> <!-- initializeBrowser -->
</testsuite> <!-- OrangeMyinfo -->
