<?xml version="1.0" encoding="UTF-8"?>
<!-- Generated by org.testng.reporters.JUnitXMLReporter -->
<testsuite ignored="3" hostname="DESKTOP-UQLDTGQ" failures="0" tests="3" name="OrangeLogin" time="18.03" errors="0" timestamp="2025-11-07T19:07:42 IST">
  <testcase classname="com.test.OrangeHRM" name="login" time="10.722"/>
  <testcase classname="com.test.OrangeHRM" name="loginCred" time="4.384"/>
  <testcase classname="com.test.OrangeHRM" name="verifyLogin" time="0.193"/>
  <testcase classname="com.test.OrangeHRM" name="tearDown" time="0.0">
    <ignored/>
  </testcase> <!-- tearDown -->
  <testcase classname="com.test.OrangeHRM" name="initializeBrowser" time="0.0">
    <ignored/>
  </testcase> <!-- initializeBrowser -->
  <testcase classname="com.test.OrangeHRM" name="navigatetoMyInfo" time="0.0">
    <ignored/>
  </testcase> <!-- navigatetoMyInfo -->
</testsuite> <!-- OrangeLogin -->
