<?xml version="1.0" encoding="UTF-8"?>
<testng-results ignored="6" total="12" passed="6" failed="0" skipped="0">
  <reporter-output>
  </reporter-output>
  <suite started-at="2025-11-07T19:07:24 IST" name="Suite" finished-at="2025-11-07T19:08:00 IST" duration-ms="35628">
    <groups>
    </groups>
    <test started-at="2025-11-07T19:07:24 IST" name="OrangeLogin" finished-at="2025-11-07T19:07:42 IST" duration-ms="18030">
      <class name="com.test.OrangeHRM">
        <test-method is-config="true" signature="initializeBrowser(java.lang.String)[pri:0, instance:com.test.OrangeHRM@1a677343]" started-at="2025-11-07T19:07:24 IST" name="initializeBrowser" finished-at="2025-11-07T19:07:26 IST" duration-ms="2160" status="PASS">
          <params>
            <param index="0">
              <value>
                <![CDATA[chrome]]>
              </value>
            </param>
          </params>
          <reporter-output>
          </reporter-output>
        </test-method> <!-- initializeBrowser -->
        <test-method signature="login(java.lang.String)[pri:0, instance:com.test.OrangeHRM@1a677343]" started-at="2025-11-07T19:07:26 IST" name="login" finished-at="2025-11-07T19:07:37 IST" duration-ms="10722" status="PASS">
          <params>
            <param index="0">
              <value>
                <![CDATA[https://opensource-demo.orangehrmlive.com/]]>
              </value>
            </param>
          </params>
          <reporter-output>
          </reporter-output>
        </test-method> <!-- login -->
        <test-method signature="loginCred(java.lang.String,java.lang.String)[pri:0, instance:com.test.OrangeHRM@1a677343]" started-at="2025-11-07T19:07:37 IST" name="loginCred" finished-at="2025-11-07T19:07:41 IST" duration-ms="4384" status="PASS">
          <params>
            <param index="0">
              <value>
                <![CDATA[Admin]]>
              </value>
            </param>
            <param index="1">
              <value>
                <![CDATA[admin123]]>
              </value>
            </param>
          </params>
          <reporter-output>
          </reporter-output>
        </test-method> <!-- loginCred -->
        <test-method signature="verifyLogin()[pri:0, instance:com.test.OrangeHRM@1a677343]" started-at="2025-11-07T19:07:41 IST" name="verifyLogin" finished-at="2025-11-07T19:07:42 IST" duration-ms="193" status="PASS">
          <reporter-output>
          </reporter-output>
        </test-method> <!-- verifyLogin -->
        <test-method is-config="true" signature="tearDown()[pri:0, instance:com.test.OrangeHRM@1a677343]" started-at="2025-11-07T19:07:42 IST" name="tearDown" finished-at="2025-11-07T19:07:42 IST" duration-ms="485" status="PASS">
          <reporter-output>
          </reporter-output>
        </test-method> <!-- tearDown -->
      </class> <!-- com.test.OrangeHRM -->
    </test> <!-- OrangeLogin -->
    <test started-at="2025-11-07T19:07:42 IST" name="OrangeMyinfo" finished-at="2025-11-07T19:08:00 IST" duration-ms="17512">
      <class name="com.test.OrangeHRM">
        <test-method is-config="true" signature="initializeBrowser(java.lang.String)[pri:0, instance:com.test.OrangeHRM@58a9760d]" started-at="2025-11-07T19:07:42 IST" name="initializeBrowser" finished-at="2025-11-07T19:07:43 IST" duration-ms="1065" status="PASS">
          <params>
            <param index="0">
              <value>
                <![CDATA[edge]]>
              </value>
            </param>
          </params>
          <reporter-output>
          </reporter-output>
        </test-method> <!-- initializeBrowser -->
        <test-method signature="login(java.lang.String)[pri:0, instance:com.test.OrangeHRM@58a9760d]" started-at="2025-11-07T19:07:43 IST" name="login" finished-at="2025-11-07T19:07:48 IST" duration-ms="5240" status="PASS">
          <params>
            <param index="0">
              <value>
                <![CDATA[https://opensource-demo.orangehrmlive.com/]]>
              </value>
            </param>
          </params>
          <reporter-output>
          </reporter-output>
        </test-method> <!-- login -->
        <test-method signature="loginCred(java.lang.String,java.lang.String)[pri:0, instance:com.test.OrangeHRM@58a9760d]" started-at="2025-11-07T19:07:48 IST" name="loginCred" finished-at="2025-11-07T19:07:54 IST" duration-ms="5675" status="PASS">
          <params>
            <param index="0">
              <value>
                <![CDATA[Admin]]>
              </value>
            </param>
            <param index="1">
              <value>
                <![CDATA[admin123]]>
              </value>
            </param>
          </params>
          <reporter-output>
          </reporter-output>
        </test-method> <!-- loginCred -->
        <test-method signature="navigatetoMyInfo()[pri:0, instance:com.test.OrangeHRM@58a9760d]" started-at="2025-11-07T19:07:54 IST" name="navigatetoMyInfo" finished-at="2025-11-07T19:07:59 IST" duration-ms="5215" status="PASS">
          <reporter-output>
          </reporter-output>
        </test-method> <!-- navigatetoMyInfo -->
        <test-method is-config="true" signature="tearDown()[pri:0, instance:com.test.OrangeHRM@58a9760d]" started-at="2025-11-07T19:07:59 IST" name="tearDown" finished-at="2025-11-07T19:08:00 IST" duration-ms="304" status="PASS">
          <reporter-output>
          </reporter-output>
        </test-method> <!-- tearDown -->
      </class> <!-- com.test.OrangeHRM -->
    </test> <!-- OrangeMyinfo -->
  </suite> <!-- Suite -->
</testng-results>
