<?xml version="1.0" encoding="UTF-8"?>
<!-- Generated by org.testng.reporters.JUnitReportReporter -->
<testsuite hostname="DESKTOP-UQLDTGQ" failures="0" tests="6" name="com.test.OrangeHRM" time="31.429" errors="0" timestamp="2025-11-07T19:08:00 IST" skipped="0">
  <testcase classname="com.test.OrangeHRM" name="loginCred" time="4.384"/>
  <testcase classname="com.test.OrangeHRM" name="login" time="10.722"/>
  <testcase classname="com.test.OrangeHRM" name="loginCred" time="5.675"/>
  <testcase classname="com.test.OrangeHRM" name="verifyLogin" time="0.193"/>
  <testcase classname="com.test.OrangeHRM" name="navigatetoMyInfo" time="5.215"/>
  <testcase classname="com.test.OrangeHRM" name="login" time="5.240"/>
</testsuite> <!-- com.test.OrangeHRM -->
